<?xml version="1.0" encoding="UTF-8"?>
<!-- Generated by org.testng.reporters.JUnitXMLReporter -->
<testsuite hostname="DESKTOP-O3E0A86" ignored="0" name="Default test" tests="2" failures="0" timestamp="2020-04-02T20:59:26 IST" time="2.382" errors="0">
  <testcase name="validatePostWithSerialization" time="1.8" classname="TestCases.TestCase001_POJO_Serialization"/>
  <testcase name="validatedeSerialization" time="0.088" classname="TestCases.TestCase001_POJO_Serialization"/>
</testsuite> <!-- Default test -->
